{"name": "test_slow", "status": "failed", "statusDetails": {"message": "AssertionError: assert 0", "trace": "self = <test_marks.TestMarks object at 0x0000022CA36C62E8>\n\n    @pytest.mark.slow\n    def test_slow(self):\n        \"\"\"\n        自定义标签\n        \"\"\"\n>       assert 0\nE       assert 0\n\ntests\\test_marks.py:43: AssertionError"}, "description": "\n        自定义标签\n        ", "start": 1593429990479, "stop": 1593429990480, "uuid": "4c6d6a88-7063-4569-88af-6a6939a78b36", "historyId": "24b8435a3ca9cff8df9466c08f1734ab", "testCaseId": "6e1337c8350864614010574c5fcd552d", "fullName": "tests.test_marks.TestMarks#test_slow", "labels": [{"name": "tag", "value": "slow"}, {"name": "parentSuite", "value": "tests"}, {"name": "suite", "value": "test_marks"}, {"name": "subSuite", "value": "TestMarks"}, {"name": "host", "value": "PC-20190912OQVB"}, {"name": "thread", "value": "11948-MainThread"}, {"name": "framework", "value": "pytest"}, {"name": "language", "value": "cpython3"}, {"name": "package", "value": "tests.test_marks"}]}