{"name": "test_dict", "status": "failed", "statusDetails": {"message": "AssertionError: assert {'a': 0, 'b': 1, 'c': 0} == {'a': 0, 'b': 2, 'd': 0}\n  Omitting 1 identical items, use -vv to show\n  Differing items:\n  {'b': 1} != {'b': 2}\n  Left contains 1 more item:\n  {'c': 0}\n  Right contains 1 more item:\n  {'d': 0}...\n  \n  ...Full output truncated (2 lines hidden), use '-vv' to show", "trace": "self = <test_assertions.TestCollections object at 0x0000016DE9885CC0>\n\n    def test_dict(self):\n>       assert {\"a\": 0, \"b\": 1, \"c\": 0} == {\"a\": 0, \"b\": 2, \"d\": 0}\nE       AssertionError: assert {'a': 0, 'b': 1, 'c': 0} == {'a': 0, 'b': 2, 'd': 0}\nE         Omitting 1 identical items, use -vv to show\nE         Differing items:\nE         {'b': 1} != {'b': 2}\nE         Left contains 1 more item:\nE         {'c': 0}\nE         Right contains 1 more item:\nE         {'d': 0}...\nE         \nE         ...Full output truncated (2 lines hidden), use '-vv' to show\n\ntests\\test_assertions.py:30: AssertionError"}, "steps": [{"name": "校验结果", "status": "passed", "attachments": [{"name": " {\"a\": 0, \"b\": 1, \"c\": 0} ", "source": "38f381b1-0da4-4ba4-a6cd-3de7a4d96b9b-attachment.attach"}, {"name": " {\"a\": 0, \"b\": 2, \"d\": 0}", "source": "5aa13c97-4768-41a2-826c-ea1be4fa0846-attachment.attach"}], "start": 1593429174050, "stop": 1593429174051}], "start": 1593429174045, "stop": 1593429174051, "uuid": "b5af59ae-f89f-4cc2-b6d2-1751db6edf40", "historyId": "fbadd6e85ac32000fe33ad71fd497919", "testCaseId": "b8a67e94a89b9286b2be1140b9ed1bb2", "fullName": "tests.test_assertions.TestCollections#test_dict", "labels": [{"name": "parentSuite", "value": "tests"}, {"name": "suite", "value": "test_assertions"}, {"name": "subSuite", "value": "TestCollections"}, {"name": "host", "value": "PC-20190912OQVB"}, {"name": "thread", "value": "5048-MainThread"}, {"name": "framework", "value": "pytest"}, {"name": "language", "value": "cpython3"}, {"name": "package", "value": "tests.test_assertions"}]}