{"name": "test_string_4", "status": "failed", "statusDetails": {"message": "AssertionError: assert False\n +  where False = <built-in method startswith of str object at 0x0000016DE939BAF0>('S')\n +    where <built-in method startswith of str object at 0x0000016DE939BAF0> = 'streaming'.startswith\n +      where 'streaming' = <function TestStringAssertions.test_string_4.<locals>.f at 0x0000016DE98A2488>()", "trace": "self = <test_assertions.TestStringAssertions object at 0x0000016DE9885898>\n\n    def test_string_4(self):\n        def f():\n            return \"streaming\"\n    \n>       assert f().startswith('S')\nE       AssertionError: assert False\nE        +  where False = <built-in method startswith of str object at 0x0000016DE939BAF0>('S')\nE        +    where <built-in method startswith of str object at 0x0000016DE939BAF0> = 'streaming'.startswith\nE        +      where 'streaming' = <function TestStringAssertions.test_string_4.<locals>.f at 0x0000016DE98A2488>()\n\ntests\\test_assertions.py:18: AssertionError"}, "start": 1593429174029, "stop": 1593429174029, "uuid": "edc1d096-062c-45f8-8db0-e3f022d73566", "historyId": "fb0432917f1af6b042493e5dfbbbb362", "testCaseId": "9f6e7aed8f0de1d1b3e1a828f66707dc", "fullName": "tests.test_assertions.TestStringAssertions#test_string_4", "labels": [{"name": "parentSuite", "value": "tests"}, {"name": "suite", "value": "test_assertions"}, {"name": "subSuite", "value": "TestStringAssertions"}, {"name": "host", "value": "PC-20190912OQVB"}, {"name": "thread", "value": "5048-MainThread"}, {"name": "framework", "value": "pytest"}, {"name": "language", "value": "cpython3"}, {"name": "package", "value": "tests.test_assertions"}]}