{"name": "test_function", "status": "failed", "statusDetails": {"message": "AssertionError: assert [1, 2, 3] == [1, 2, 4]\n  At index 2 diff: 3 != 4\n  Full diff:\n  - [1, 2, 4]\n  ?        ^\n  + [1, 2, 3]\n  ?        ^", "trace": "def test_function():\n        def f():\n            return [1, 2, 3]\n    \n>       assert f() == [1, 2, 4]\nE       assert [1, 2, 3] == [1, 2, 4]\nE         At index 2 diff: 3 != 4\nE         Full diff:\nE         - [1, 2, 4]\nE         ?        ^\nE         + [1, 2, 3]\nE         ?        ^\n\ntests\\test_assertions.py:25: AssertionError"}, "steps": [{"name": "校验结果", "status": "passed", "attachments": [{"name": " f() ", "source": "3e03107c-765a-4eb5-b034-a846ee759663-attachment.attach"}, {"name": " [1, 2, 4]", "source": "9b606f1f-782f-4f5c-b0c1-b5452e53aa9a-attachment.attach"}], "start": 1593429988426, "stop": 1593429988427}], "start": 1593429988422, "stop": 1593429988427, "uuid": "3e96156a-5d04-4946-98f9-7931b6bc2184", "historyId": "f599f259ae9fb5cf4193db6ff14fac8a", "testCaseId": "5e673510bee38a9ab863e61c5f848502", "fullName": "tests.test_assertions#test_function", "labels": [{"name": "parentSuite", "value": "tests"}, {"name": "suite", "value": "test_assertions"}, {"name": "host", "value": "PC-20190912OQVB"}, {"name": "thread", "value": "11948-MainThread"}, {"name": "framework", "value": "pytest"}, {"name": "language", "value": "cpython3"}, {"name": "package", "value": "tests.test_assertions"}]}