{"name": "test_list2", "status": "failed", "statusDetails": {"message": "AssertionError: assert [0, 1, 2] == [0, 1, [1, 2]]\n  At index 2 diff: 2 != [1, 2]\n  Use -v to get the full diff", "trace": "self = <test_assertions.TestCollections object at 0x0000016DE98AB390>\n\n    def test_list2(self):\n>       assert [0, 1, 2] == [0, 1, [1, 2]]\nE       assert [0, 1, 2] == [0, 1, [1, 2]]\nE         At index 2 diff: 2 != [1, 2]\nE         Use -v to get the full diff\n\ntests\\test_assertions.py:43: AssertionError"}, "steps": [{"name": "校验结果", "status": "passed", "attachments": [{"name": " [0, 1, 2] ", "source": "8960645e-7c63-4fda-9466-119e3be8e204-attachment.attach"}, {"name": " [0, 1, [1, 2]]", "source": "6e29614a-e345-48f2-94fd-e23bb61d39af-attachment.attach"}], "start": 1593429174085, "stop": 1593429174086}], "start": 1593429174080, "stop": 1593429174086, "uuid": "37b0b7e6-75d0-4c81-a09a-b857da2b6734", "historyId": "8799213a80221460c5a992f412a8b00c", "testCaseId": "1000bd682931fe10d0b28d18f717caa4", "fullName": "tests.test_assertions.TestCollections#test_list2", "labels": [{"name": "parentSuite", "value": "tests"}, {"name": "suite", "value": "test_assertions"}, {"name": "subSuite", "value": "TestCollections"}, {"name": "host", "value": "PC-20190912OQVB"}, {"name": "thread", "value": "5048-MainThread"}, {"name": "framework", "value": "pytest"}, {"name": "language", "value": "cpython3"}, {"name": "package", "value": "tests.test_assertions"}]}