{"name": "test_string_4", "status": "failed", "statusDetails": {"message": "AssertionError: assert False\n +  where False = <built-in method startswith of str object at 0x0000022CA293A370>('S')\n +    where <built-in method startswith of str object at 0x0000022CA293A370> = 'streaming'.startswith\n +      where 'streaming' = <function TestStringAssertions.test_string_4.<locals>.f at 0x0000022CA2E3A7B8>()", "trace": "self = <test_assertions.TestStringAssertions object at 0x0000022CA2E1F898>\n\n    def test_string_4(self):\n        def f():\n            return \"streaming\"\n    \n>       assert f().startswith('S')\nE       AssertionError: assert False\nE        +  where False = <built-in method startswith of str object at 0x0000022CA293A370>('S')\nE        +    where <built-in method startswith of str object at 0x0000022CA293A370> = 'streaming'.startswith\nE        +      where 'streaming' = <function TestStringAssertions.test_string_4.<locals>.f at 0x0000022CA2E3A7B8>()\n\ntests\\test_assertions.py:18: AssertionError"}, "start": 1593429988415, "stop": 1593429988415, "uuid": "51a423b1-a483-418d-b75e-580548a09874", "historyId": "fb0432917f1af6b042493e5dfbbbb362", "testCaseId": "9f6e7aed8f0de1d1b3e1a828f66707dc", "fullName": "tests.test_assertions.TestStringAssertions#test_string_4", "labels": [{"name": "parentSuite", "value": "tests"}, {"name": "suite", "value": "test_assertions"}, {"name": "subSuite", "value": "TestStringAssertions"}, {"name": "host", "value": "PC-20190912OQVB"}, {"name": "thread", "value": "11948-MainThread"}, {"name": "framework", "value": "pytest"}, {"name": "language", "value": "cpython3"}, {"name": "package", "value": "tests.test_assertions"}]}