{"name": "test_set", "status": "failed", "statusDetails": {"message": "AssertionError: assert {0, 10, 11, 12} == {0, 20, 21}\n  Extra items in the left set:\n  10\n  11\n  12\n  Extra items in the right set:\n  20\n  21...\n  \n  ...Full output truncated (2 lines hidden), use '-vv' to show", "trace": "self = <test_assertions.TestCollections object at 0x0000016DE988A080>\n\n    def test_set(self):\n>       assert {0, 10, 11, 12} == {0, 20, 21}\nE       AssertionError: assert {0, 10, 11, 12} == {0, 20, 21}\nE         Extra items in the left set:\nE         10\nE         11\nE         12\nE         Extra items in the right set:\nE         20\nE         21...\nE         \nE         ...Full output truncated (2 lines hidden), use '-vv' to show\n\ntests\\test_assertions.py:49: AssertionError"}, "steps": [{"name": "校验结果", "status": "passed", "attachments": [{"name": " {0, 10, 11, 12} ", "source": "98b143f6-14e1-46e3-b002-e1649d524c0e-attachment.attach"}, {"name": " {0, 20, 21}", "source": "9afdc539-8cf1-4583-896d-03ff3a3f0849-attachment.attach"}], "start": 1593429174117, "stop": 1593429174118}], "start": 1593429174112, "stop": 1593429174118, "uuid": "332be90a-c963-4c38-a36c-330cab77063b", "historyId": "ab5141e061250e4f2638fbbce67d3ff0", "testCaseId": "61b71ab9b43aa9e506f5b561e4436abb", "fullName": "tests.test_assertions.TestCollections#test_set", "labels": [{"name": "parentSuite", "value": "tests"}, {"name": "suite", "value": "test_assertions"}, {"name": "subSuite", "value": "TestCollections"}, {"name": "host", "value": "PC-20190912OQVB"}, {"name": "thread", "value": "5048-MainThread"}, {"name": "framework", "value": "pytest"}, {"name": "language", "value": "cpython3"}, {"name": "package", "value": "tests.test_assertions"}]}