{"name": "test_set", "status": "failed", "statusDetails": {"message": "AssertionError: assert {0, 10, 11, 12} == {0, 20, 21}\n  Extra items in the left set:\n  10\n  11\n  12\n  Extra items in the right set:\n  20\n  21...\n  \n  ...Full output truncated (4 lines hidden), use '-vv' to show", "trace": "self = <test_assertions.TestCollections object at 0x0000022CA2E4F828>\n\n    def test_set(self):\n>       assert {0, 10, 11, 12} == {0, 20, 21}\nE       AssertionError: assert {0, 10, 11, 12} == {0, 20, 21}\nE         Extra items in the left set:\nE         10\nE         11\nE         12\nE         Extra items in the right set:\nE         20\nE         21...\nE         \nE         ...Full output truncated (4 lines hidden), use '-vv' to show\n\ntests\\test_assertions.py:49: AssertionError"}, "steps": [{"name": "校验结果", "status": "passed", "attachments": [{"name": " {0, 10, 11, 12} ", "source": "711a201e-5863-4858-8e7f-47af4c8cc75f-attachment.attach"}, {"name": " {0, 20, 21}", "source": "6551fe8a-c6a6-48bd-93dc-dbb42fb994f8-attachment.attach"}], "start": 1593429988496, "stop": 1593429988496}], "start": 1593429988491, "stop": 1593429988497, "uuid": "153a7ae3-5e85-4cd7-bf7a-6110c8cd1bec", "historyId": "ab5141e061250e4f2638fbbce67d3ff0", "testCaseId": "61b71ab9b43aa9e506f5b561e4436abb", "fullName": "tests.test_assertions.TestCollections#test_set", "labels": [{"name": "parentSuite", "value": "tests"}, {"name": "suite", "value": "test_assertions"}, {"name": "subSuite", "value": "TestCollections"}, {"name": "host", "value": "PC-20190912OQVB"}, {"name": "thread", "value": "11948-MainThread"}, {"name": "framework", "value": "pytest"}, {"name": "language", "value": "cpython3"}, {"name": "package", "value": "tests.test_assertions"}]}