{"name": "test_list2", "status": "failed", "statusDetails": {"message": "AssertionError: assert [0, 1, 2] == [0, 1, [1, 2]]\n  At index 2 diff: 2 != [1, 2]\n  Full diff:\n  - [0, 1, [1, 2]]\n  ?        ----  -\n  + [0, 1, 2]", "trace": "self = <test_assertions.TestCollections object at 0x0000022CA2E4C128>\n\n    def test_list2(self):\n>       assert [0, 1, 2] == [0, 1, [1, 2]]\nE       assert [0, 1, 2] == [0, 1, [1, 2]]\nE         At index 2 diff: 2 != [1, 2]\nE         Full diff:\nE         - [0, 1, [1, 2]]\nE         ?        ----  -\nE         + [0, 1, 2]\n\ntests\\test_assertions.py:43: AssertionError"}, "steps": [{"name": "校验结果", "status": "passed", "attachments": [{"name": " [0, 1, 2] ", "source": "4af2c0e3-47ff-4d9e-b55d-0ae858550ac6-attachment.attach"}, {"name": " [0, 1, [1, 2]]", "source": "53bce1b0-7092-4339-ad3b-2a450a01baac-attachment.attach"}], "start": 1593429988473, "stop": 1593429988473}], "start": 1593429988468, "stop": 1593429988474, "uuid": "ae309b35-d714-40c6-8983-06059d1c5aad", "historyId": "8799213a80221460c5a992f412a8b00c", "testCaseId": "1000bd682931fe10d0b28d18f717caa4", "fullName": "tests.test_assertions.TestCollections#test_list2", "labels": [{"name": "parentSuite", "value": "tests"}, {"name": "suite", "value": "test_assertions"}, {"name": "subSuite", "value": "TestCollections"}, {"name": "host", "value": "PC-20190912OQVB"}, {"name": "thread", "value": "11948-MainThread"}, {"name": "framework", "value": "pytest"}, {"name": "language", "value": "cpython3"}, {"name": "package", "value": "tests.test_assertions"}]}